{
  "stats": {
    "suites": 1,
    "tests": 2,
    "passes": 1,
    "pending": 0,
    "failures": 1,
    "start": "2023-02-26T16:00:19.050Z",
    "end": "2023-02-26T16:01:14.316Z",
    "duration": 54495,
    "testsRegistered": 2,
    "passPercent": 50,
    "pendingPercent": 0,
    "other": 0,
    "hasOther": false,
    "skipped": 0,
    "hasSkipped": false
  },
  "results": [
    {
      "uuid": "3ec5a78c-3f2d-499f-b84b-26ad40cca873",
      "title": "",
      "fullFile": "cypress/integration/verify-news-in-google.spec.js",
      "file": "cypress/integration/verify-news-in-google.spec.js",
      "beforeHooks": [],
      "afterHooks": [],
      "tests": [],
      "suites": [
        {
          "uuid": "b5d9c513-bc9b-4954-8b8a-c348ae603ed4",
          "title": "Verify the first news displayed is valid or not",
          "fullFile": "",
          "file": "",
          "beforeHooks": [],
          "afterHooks": [],
          "tests": [
            {
              "title": "should capture the text headline of the first news and search on Google and verify whether there is 2 or more than 2 search results are received",
              "fullTitle": "Verify the first news displayed is valid or not should capture the text headline of the first news and search on Google and verify whether there is 2 or more than 2 search results are received",
              "timedOut": null,
              "duration": 38832,
              "state": "passed",
              "speed": "slow",
              "pass": true,
              "fail": false,
              "pending": false,
              "context": null,
              "code": "ut.checkNumberofEntriesinGoogleSearchIsMoreThan(1);",
              "err": {},
              "uuid": "c8da661f-61d8-4957-b7bc-c1c1b86a9d79",
              "parentUUID": "b5d9c513-bc9b-4954-8b8a-c348ae603ed4",
              "isHook": false,
              "skipped": false
            },
            {
              "title": "to check whether the retrieved result has Guardian as one of them, if not append Guardian in the search box and see if the newly retrived results has Guardian in the top result",
              "fullTitle": "Verify the first news displayed is valid or not to check whether the retrieved result has Guardian as one of them, if not append Guardian in the search box and see if the newly retrived results has Guardian in the top result",
              "timedOut": null,
              "duration": 15663,
              "state": "failed",
              "speed": null,
              "pass": false,
              "fail": true,
              "pending": false,
              "context": null,
              "code": "ut.enterValueInInputFiledAndPressEnterKeyboard(gs.search_input_results_page, this.data.guardian_text);\ncy.wait(1000);\nut.clickOnElementInIframe(gs.cookies_frame_id, gs.cookies_reject_all_button);\nut.checkOneoftheResultsIs(this.data.guardian_url);",
              "err": {
                "message": "CypressError: `cy.click()` failed because this element is detached from the DOM.\n\n`<button id=\"W0wltc\" class=\"tHlp8d\" data-ved=\"0ahUKEwiMjbXEx7P9AhVXOcAKHaxGAxAQ4cIICF8\">...</button>`\n\nCypress requires elements be attached in the DOM to interact with them.\n\nThe previous command that ran was:\n\n  > `cy.wrap()`\n\nThis DOM element likely became detached somewhere between the previous and current command.\n\nCommon situations why this happens:\n  - Your JS framework re-rendered asynchronously\n  - Your app code reacted to an event firing and removed the element\n\nYou typically need to re-query for the element or add 'guards' which delay Cypress from running new commands.\n\nhttps://on.cypress.io/element-has-detached-from-dom",
                "estack": "CypressError: `cy.click()` failed because this element is detached from the DOM.\n\n`<button id=\"W0wltc\" class=\"tHlp8d\" data-ved=\"0ahUKEwiMjbXEx7P9AhVXOcAKHaxGAxAQ4cIICF8\">...</button>`\n\nCypress requires elements be attached in the DOM to interact with them.\n\nThe previous command that ran was:\n\n  > `cy.wrap()`\n\nThis DOM element likely became detached somewhere between the previous and current command.\n\nCommon situations why this happens:\n  - Your JS framework re-rendered asynchronously\n  - Your app code reacted to an event firing and removed the element\n\nYou typically need to re-query for the element or add 'guards' which delay Cypress from running new commands.\n\nhttps://on.cypress.io/element-has-detached-from-dom\n    at ensureAttached (https://www.theguardian.com/__cypress/runner/cypress_runner.js:168765:76)\n    at validateType (https://www.theguardian.com/__cypress/runner/cypress_runner.js:168598:11)\n    at $Cy.ensureSubjectByType (https://www.theguardian.com/__cypress/runner/cypress_runner.js:168638:9)\n    at $Cy.pushSubjectAndValidate (https://www.theguardian.com/__cypress/runner/cypress_runner.js:178952:12)\n    at Context.<anonymous> (https://www.theguardian.com/__cypress/runner/cypress_runner.js:178436:19)\nFrom Your Spec Code:\n    at Context.eval (https://www.theguardian.com/__cypress/tests?p=cypress/integration/verify-news-in-google.spec.js:329:24)",
                "diff": null
              },
              "uuid": "50d3c8c5-e161-4d08-9d32-7c6e80c4d57b",
              "parentUUID": "b5d9c513-bc9b-4954-8b8a-c348ae603ed4",
              "isHook": false,
              "skipped": false
            }
          ],
          "suites": [],
          "passes": [
            "c8da661f-61d8-4957-b7bc-c1c1b86a9d79"
          ],
          "failures": [
            "50d3c8c5-e161-4d08-9d32-7c6e80c4d57b"
          ],
          "pending": [],
          "skipped": [],
          "duration": 54495,
          "root": false,
          "rootEmpty": false,
          "_timeout": 2000
        }
      ],
      "passes": [],
      "failures": [],
      "pending": [],
      "skipped": [],
      "duration": 0,
      "root": true,
      "rootEmpty": true,
      "_timeout": 2000
    }
  ],
  "meta": {
    "mocha": {
      "version": "7.0.1"
    },
    "mochawesome": {
      "options": {
        "quiet": false,
        "reportFilename": "mochawesome",
        "saveHtml": false,
        "saveJson": true,
        "consoleReporter": "spec",
        "useInlineDiffs": false,
        "code": true
      },
      "version": "7.1.3"
    },
    "marge": {
      "options": {
        "id": "default",
        "quite": true,
        "overwrite": false,
        "html": false,
        "json": true
      },
      "version": "6.2.0"
    }
  }
}